<?xml version="1.0" encoding="UTF-8"?>
<testsuite xmlns:xsi="http://www.w3.org/2001/XMLSchema-instance" xsi:noNamespaceSchemaLocation="https://maven.apache.org/surefire/maven-surefire-plugin/xsd/surefire-test-report.xsd" name="com.tanhua.server.test.DemoTest" time="0.128" tests="2" errors="0" skipped="0" failures="0">
  <properties>
    <property name="sun.desktop" value="windows"/>
    <property name="awt.toolkit" value="sun.awt.windows.WToolkit"/>
    <property name="file.encoding.pkg" value="sun.io"/>
    <property name="java.specification.version" value="1.8"/>
    <property name="sun.cpu.isalist" value="amd64"/>
    <property name="sun.jnu.encoding" value="GBK"/>
    <property name="java.class.path" value="D:\study\code\tanhua\tanhua_service\target\test-classes;D:\study\code\tanhua\tanhua_service\target\classes;D:\study\code\tanhua\tanhua_dubbo\tanhua_dubbo_interface\target\tanhua_dubbo_interface-1.0-SNAPSHOT.jar;D:\study\code\tanhua\tanhua_domain\target\tanhua_domain-1.0-SNAPSHOT.jar;D:\study\soft\maven\repository\org\springframework\boot\spring-boot-starter-data-mongodb\2.1.0.RELEASE\spring-boot-starter-data-mongodb-2.1.0.RELEASE.jar;D:\study\soft\maven\repository\org\mongodb\mongodb-driver\3.8.2\mongodb-driver-3.8.2.jar;D:\study\soft\maven\repository\org\mongodb\bson\3.8.2\bson-3.8.2.jar;D:\study\soft\maven\repository\org\mongodb\mongodb-driver-core\3.8.2\mongodb-driver-core-3.8.2.jar;D:\study\soft\maven\repository\org\springframework\data\spring-data-mongodb\2.1.2.RELEASE\spring-data-mongodb-2.1.2.RELEASE.jar;D:\study\soft\maven\repository\com\baomidou\mybatis-plus\3.1.1\mybatis-plus-3.1.1.jar;D:\study\soft\maven\repository\com\baomidou\mybatis-plus-extension\3.1.1\mybatis-plus-extension-3.1.1.jar;D:\study\soft\maven\repository\com\baomidou\mybatis-plus-core\3.1.1\mybatis-plus-core-3.1.1.jar;D:\study\soft\maven\repository\com\baomidou\mybatis-plus-annotation\3.1.1\mybatis-plus-annotation-3.1.1.jar;D:\study\soft\maven\repository\com\github\jsqlparser\jsqlparser\1.2\jsqlparser-1.2.jar;D:\study\soft\maven\repository\org\mybatis\mybatis\3.5.1\mybatis-3.5.1.jar;D:\study\soft\maven\repository\org\mybatis\mybatis-spring\2.0.1\mybatis-spring-2.0.1.jar;D:\study\code\tanhua\tanhua_commons\target\tanhua_commons-1.0-SNAPSHOT.jar;D:\study\soft\maven\repository\com\aliyun\aliyun-java-sdk-core\4.0.6\aliyun-java-sdk-core-4.0.6.jar;D:\study\soft\maven\repository\com\google\code\gson\gson\2.8.5\gson-2.8.5.jar;D:\study\soft\maven\repository\org\apache\httpcomponents\httpclient\4.5.6\httpclient-4.5.6.jar;D:\study\soft\maven\repository\org\apache\httpcomponents\httpcore\4.4.10\httpcore-4.4.10.jar;D:\study\soft\maven\repository\javax\xml\bind\jaxb-api\2.3.1\jaxb-api-2.3.1.jar;D:\study\soft\maven\repository\javax\activation\javax.activation-api\1.2.0\javax.activation-api-1.2.0.jar;D:\study\soft\maven\repository\com\sun\xml\bind\jaxb-core\2.1.14\jaxb-core-2.1.14.jar;D:\study\soft\maven\repository\com\sun\xml\bind\jaxb-impl\2.1\jaxb-impl-2.1.jar;D:\study\soft\maven\repository\javax\activation\activation\1.1.1\activation-1.1.1.jar;D:\study\soft\maven\repository\com\aliyun\aliyun-java-sdk-dysmsapi\1.1.0\aliyun-java-sdk-dysmsapi-1.1.0.jar;D:\study\soft\maven\repository\com\aliyun\oss\aliyun-sdk-oss\3.10.2\aliyun-sdk-oss-3.10.2.jar;D:\study\soft\maven\repository\org\jdom\jdom2\2.0.6\jdom2-2.0.6.jar;D:\study\soft\maven\repository\org\codehaus\jettison\jettison\1.1\jettison-1.1.jar;D:\study\soft\maven\repository\stax\stax-api\1.0.1\stax-api-1.0.1.jar;D:\study\soft\maven\repository\com\aliyun\aliyun-java-sdk-ram\3.0.0\aliyun-java-sdk-ram-3.0.0.jar;D:\study\soft\maven\repository\com\aliyun\aliyun-java-sdk-sts\3.0.0\aliyun-java-sdk-sts-3.0.0.jar;D:\study\soft\maven\repository\com\aliyun\aliyun-java-sdk-ecs\4.2.0\aliyun-java-sdk-ecs-4.2.0.jar;D:\study\soft\maven\repository\com\aliyun\aliyun-java-sdk-kms\2.7.0\aliyun-java-sdk-kms-2.7.0.jar;D:\study\soft\maven\repository\com\baidu\aip\java-sdk\4.8.0\java-sdk-4.8.0.jar;D:\study\soft\maven\repository\org\json\json\20160810\json-20160810.jar;D:\study\soft\maven\repository\org\springframework\boot\spring-boot-starter\2.1.0.RELEASE\spring-boot-starter-2.1.0.RELEASE.jar;D:\study\soft\maven\repository\org\springframework\boot\spring-boot\2.1.0.RELEASE\spring-boot-2.1.0.RELEASE.jar;D:\study\soft\maven\repository\org\springframework\boot\spring-boot-starter-logging\2.1.0.RELEASE\spring-boot-starter-logging-2.1.0.RELEASE.jar;D:\study\soft\maven\repository\ch\qos\logback\logback-classic\1.2.3\logback-classic-1.2.3.jar;D:\study\soft\maven\repository\ch\qos\logback\logback-core\1.2.3\logback-core-1.2.3.jar;D:\study\soft\maven\repository\org\apache\logging\log4j\log4j-to-slf4j\2.11.1\log4j-to-slf4j-2.11.1.jar;D:\study\soft\maven\repository\org\apache\logging\log4j\log4j-api\2.11.1\log4j-api-2.11.1.jar;D:\study\soft\maven\repository\org\slf4j\jul-to-slf4j\1.7.25\jul-to-slf4j-1.7.25.jar;D:\study\soft\maven\repository\javax\annotation\javax.annotation-api\1.3.2\javax.annotation-api-1.3.2.jar;D:\study\soft\maven\repository\org\yaml\snakeyaml\1.23\snakeyaml-1.23.jar;D:\study\soft\maven\repository\org\springframework\boot\spring-boot-starter-web\2.1.0.RELEASE\spring-boot-starter-web-2.1.0.RELEASE.jar;D:\study\soft\maven\repository\org\springframework\boot\spring-boot-starter-json\2.1.0.RELEASE\spring-boot-starter-json-2.1.0.RELEASE.jar;D:\study\soft\maven\repository\com\fasterxml\jackson\datatype\jackson-datatype-jdk8\2.9.9\jackson-datatype-jdk8-2.9.9.jar;D:\study\soft\maven\repository\com\fasterxml\jackson\datatype\jackson-datatype-jsr310\2.9.9\jackson-datatype-jsr310-2.9.9.jar;D:\study\soft\maven\repository\com\fasterxml\jackson\module\jackson-module-parameter-names\2.9.9\jackson-module-parameter-names-2.9.9.jar;D:\study\soft\maven\repository\org\springframework\boot\spring-boot-starter-tomcat\2.1.0.RELEASE\spring-boot-starter-tomcat-2.1.0.RELEASE.jar;D:\study\soft\maven\repository\org\apache\tomcat\embed\tomcat-embed-core\9.0.12\tomcat-embed-core-9.0.12.jar;D:\study\soft\maven\repository\org\apache\tomcat\embed\tomcat-embed-el\9.0.12\tomcat-embed-el-9.0.12.jar;D:\study\soft\maven\repository\org\apache\tomcat\embed\tomcat-embed-websocket\9.0.12\tomcat-embed-websocket-9.0.12.jar;D:\study\soft\maven\repository\org\hibernate\validator\hibernate-validator\6.0.13.Final\hibernate-validator-6.0.13.Final.jar;D:\study\soft\maven\repository\javax\validation\validation-api\2.0.1.Final\validation-api-2.0.1.Final.jar;D:\study\soft\maven\repository\org\jboss\logging\jboss-logging\3.3.2.Final\jboss-logging-3.3.2.Final.jar;D:\study\soft\maven\repository\com\fasterxml\classmate\1.4.0\classmate-1.4.0.jar;D:\study\soft\maven\repository\org\springframework\spring-web\5.1.2.RELEASE\spring-web-5.1.2.RELEASE.jar;D:\study\soft\maven\repository\org\springframework\spring-beans\5.1.2.RELEASE\spring-beans-5.1.2.RELEASE.jar;D:\study\soft\maven\repository\org\springframework\spring-webmvc\5.1.2.RELEASE\spring-webmvc-5.1.2.RELEASE.jar;D:\study\soft\maven\repository\org\springframework\spring-aop\5.1.2.RELEASE\spring-aop-5.1.2.RELEASE.jar;D:\study\soft\maven\repository\org\springframework\spring-expression\5.1.2.RELEASE\spring-expression-5.1.2.RELEASE.jar;D:\study\soft\maven\repository\org\springframework\boot\spring-boot-starter-data-redis\2.1.0.RELEASE\spring-boot-starter-data-redis-2.1.0.RELEASE.jar;D:\study\soft\maven\repository\org\springframework\data\spring-data-redis\2.1.2.RELEASE\spring-data-redis-2.1.2.RELEASE.jar;D:\study\soft\maven\repository\org\springframework\data\spring-data-keyvalue\2.1.2.RELEASE\spring-data-keyvalue-2.1.2.RELEASE.jar;D:\study\soft\maven\repository\org\springframework\data\spring-data-commons\2.1.2.RELEASE\spring-data-commons-2.1.2.RELEASE.jar;D:\study\soft\maven\repository\org\springframework\spring-tx\5.1.2.RELEASE\spring-tx-5.1.2.RELEASE.jar;D:\study\soft\maven\repository\org\springframework\spring-oxm\5.1.2.RELEASE\spring-oxm-5.1.2.RELEASE.jar;D:\study\soft\maven\repository\org\springframework\spring-context-support\5.1.2.RELEASE\spring-context-support-5.1.2.RELEASE.jar;D:\study\soft\maven\repository\io\lettuce\lettuce-core\5.1.2.RELEASE\lettuce-core-5.1.2.RELEASE.jar;D:\study\soft\maven\repository\io\projectreactor\reactor-core\3.2.2.RELEASE\reactor-core-3.2.2.RELEASE.jar;D:\study\soft\maven\repository\org\reactivestreams\reactive-streams\1.0.2\reactive-streams-1.0.2.jar;D:\study\soft\maven\repository\io\netty\netty-common\4.1.29.Final\netty-common-4.1.29.Final.jar;D:\study\soft\maven\repository\io\netty\netty-transport\4.1.29.Final\netty-transport-4.1.29.Final.jar;D:\study\soft\maven\repository\io\netty\netty-buffer\4.1.29.Final\netty-buffer-4.1.29.Final.jar;D:\study\soft\maven\repository\io\netty\netty-resolver\4.1.29.Final\netty-resolver-4.1.29.Final.jar;D:\study\soft\maven\repository\io\netty\netty-handler\4.1.29.Final\netty-handler-4.1.29.Final.jar;D:\study\soft\maven\repository\io\netty\netty-codec\4.1.29.Final\netty-codec-4.1.29.Final.jar;D:\study\soft\maven\repository\org\apache\commons\commons-lang3\3.7\commons-lang3-3.7.jar;D:\study\soft\maven\repository\com\fasterxml\jackson\core\jackson-databind\2.9.9\jackson-databind-2.9.9.jar;D:\study\soft\maven\repository\com\fasterxml\jackson\core\jackson-annotations\2.9.0\jackson-annotations-2.9.0.jar;D:\study\soft\maven\repository\com\fasterxml\jackson\core\jackson-core\2.9.9\jackson-core-2.9.9.jar;D:\study\soft\maven\repository\commons-codec\commons-codec\1.11\commons-codec-1.11.jar;D:\study\soft\maven\repository\joda-time\joda-time\2.5\joda-time-2.5.jar;D:\study\soft\maven\repository\io\jsonwebtoken\jjwt\0.9.1\jjwt-0.9.1.jar;D:\study\soft\maven\repository\org\apache\dubbo\dubbo-spring-boot-starter\2.7.5\dubbo-spring-boot-starter-2.7.5.jar;D:\study\soft\maven\repository\org\apache\dubbo\dubbo-spring-boot-autoconfigure\2.7.5\dubbo-spring-boot-autoconfigure-2.7.5.jar;D:\study\soft\maven\repository\org\apache\dubbo\dubbo-spring-boot-autoconfigure-compatible\2.7.5\dubbo-spring-boot-autoconfigure-compatible-2.7.5.jar;D:\study\soft\maven\repository\org\apache\dubbo\dubbo\2.7.5\dubbo-2.7.5.jar;D:\study\soft\maven\repository\com\alibaba\spring\spring-context-support\1.0.5\spring-context-support-1.0.5.jar;D:\study\soft\maven\repository\org\javassist\javassist\3.20.0-GA\javassist-3.20.0-GA.jar;D:\study\soft\maven\repository\io\netty\netty-all\4.1.29.Final\netty-all-4.1.29.Final.jar;D:\study\soft\maven\repository\org\apache\curator\curator-recipes\4.2.0\curator-recipes-4.2.0.jar;D:\study\soft\maven\repository\org\apache\curator\curator-framework\4.2.0\curator-framework-4.2.0.jar;D:\study\soft\maven\repository\org\apache\curator\curator-client\4.2.0\curator-client-4.2.0.jar;D:\study\soft\maven\repository\com\google\guava\guava\27.0.1-jre\guava-27.0.1-jre.jar;D:\study\soft\maven\repository\com\google\guava\failureaccess\1.0.1\failureaccess-1.0.1.jar;D:\study\soft\maven\repository\com\google\guava\listenablefuture\9999.0-empty-to-avoid-conflict-with-guava\listenablefuture-9999.0-empty-to-avoid-conflict-with-guava.jar;D:\study\soft\maven\repository\com\google\code\findbugs\jsr305\3.0.2\jsr305-3.0.2.jar;D:\study\soft\maven\repository\org\checkerframework\checker-qual\2.5.2\checker-qual-2.5.2.jar;D:\study\soft\maven\repository\com\google\errorprone\error_prone_annotations\2.2.0\error_prone_annotations-2.2.0.jar;D:\study\soft\maven\repository\com\google\j2objc\j2objc-annotations\1.1\j2objc-annotations-1.1.jar;D:\study\soft\maven\repository\org\codehaus\mojo\animal-sniffer-annotations\1.17\animal-sniffer-annotations-1.17.jar;D:\study\soft\maven\repository\org\apache\zookeeper\zookeeper\3.4.12\zookeeper-3.4.12.jar;D:\study\soft\maven\repository\org\slf4j\slf4j-api\1.7.25\slf4j-api-1.7.25.jar;D:\study\soft\maven\repository\org\slf4j\slf4j-log4j12\1.7.25\slf4j-log4j12-1.7.25.jar;D:\study\soft\maven\repository\log4j\log4j\1.2.17\log4j-1.2.17.jar;D:\study\soft\maven\repository\jline\jline\0.9.94\jline-0.9.94.jar;D:\study\soft\maven\repository\org\apache\yetus\audience-annotations\0.5.0\audience-annotations-0.5.0.jar;D:\study\soft\maven\repository\io\netty\netty\3.10.6.Final\netty-3.10.6.Final.jar;D:\study\soft\maven\repository\com\github\tobato\fastdfs-client\1.26.7\fastdfs-client-1.26.7.jar;D:\study\soft\maven\repository\org\slf4j\jcl-over-slf4j\1.7.25\jcl-over-slf4j-1.7.25.jar;D:\study\soft\maven\repository\commons-beanutils\commons-beanutils\1.9.3\commons-beanutils-1.9.3.jar;D:\study\soft\maven\repository\commons-collections\commons-collections\3.2.2\commons-collections-3.2.2.jar;D:\study\soft\maven\repository\commons-io\commons-io\2.4\commons-io-2.4.jar;D:\study\soft\maven\repository\org\apache\commons\commons-pool2\2.6.0\commons-pool2-2.6.0.jar;D:\study\soft\maven\repository\org\springframework\spring-core\5.1.2.RELEASE\spring-core-5.1.2.RELEASE.jar;D:\study\soft\maven\repository\org\springframework\spring-jcl\5.1.2.RELEASE\spring-jcl-5.1.2.RELEASE.jar;D:\study\soft\maven\repository\org\springframework\boot\spring-boot-autoconfigure\2.1.0.RELEASE\spring-boot-autoconfigure-2.1.0.RELEASE.jar;D:\study\soft\maven\repository\org\springframework\spring-context\5.1.2.RELEASE\spring-context-5.1.2.RELEASE.jar;D:\study\soft\maven\repository\net\coobird\thumbnailator\0.4.8\thumbnailator-0.4.8.jar;D:\study\soft\maven\repository\org\springframework\boot\spring-boot-starter-test\2.1.0.RELEASE\spring-boot-starter-test-2.1.0.RELEASE.jar;D:\study\soft\maven\repository\org\springframework\boot\spring-boot-test\2.1.0.RELEASE\spring-boot-test-2.1.0.RELEASE.jar;D:\study\soft\maven\repository\org\springframework\boot\spring-boot-test-autoconfigure\2.1.0.RELEASE\spring-boot-test-autoconfigure-2.1.0.RELEASE.jar;D:\study\soft\maven\repository\com\jayway\jsonpath\json-path\2.4.0\json-path-2.4.0.jar;D:\study\soft\maven\repository\net\minidev\json-smart\2.3\json-smart-2.3.jar;D:\study\soft\maven\repository\net\minidev\accessors-smart\1.2\accessors-smart-1.2.jar;D:\study\soft\maven\repository\org\ow2\asm\asm\5.0.4\asm-5.0.4.jar;D:\study\soft\maven\repository\org\assertj\assertj-core\3.11.1\assertj-core-3.11.1.jar;D:\study\soft\maven\repository\org\mockito\mockito-core\2.23.0\mockito-core-2.23.0.jar;D:\study\soft\maven\repository\net\bytebuddy\byte-buddy\1.9.3\byte-buddy-1.9.3.jar;D:\study\soft\maven\repository\net\bytebuddy\byte-buddy-agent\1.9.3\byte-buddy-agent-1.9.3.jar;D:\study\soft\maven\repository\org\objenesis\objenesis\2.6\objenesis-2.6.jar;D:\study\soft\maven\repository\org\hamcrest\hamcrest-core\1.3\hamcrest-core-1.3.jar;D:\study\soft\maven\repository\org\hamcrest\hamcrest-library\1.3\hamcrest-library-1.3.jar;D:\study\soft\maven\repository\org\skyscreamer\jsonassert\1.5.0\jsonassert-1.5.0.jar;D:\study\soft\maven\repository\com\vaadin\external\google\android-json\0.0.20131108.vaadin1\android-json-0.0.20131108.vaadin1.jar;D:\study\soft\maven\repository\org\springframework\spring-test\5.1.2.RELEASE\spring-test-5.1.2.RELEASE.jar;D:\study\soft\maven\repository\org\xmlunit\xmlunit-core\2.6.2\xmlunit-core-2.6.2.jar;D:\study\soft\maven\repository\junit\junit\4.12\junit-4.12.jar;D:\study\soft\maven\repository\org\projectlombok\lombok\1.18.4\lombok-1.18.4.jar;D:\study\soft\maven\repository\com\alibaba\fastjson\1.2.8\fastjson-1.2.8.jar;"/>
    <property name="java.vm.vendor" value="Oracle Corporation"/>
    <property name="sun.arch.data.model" value="64"/>
    <property name="user.variant" value=""/>
    <property name="java.vendor.url" value="http://java.oracle.com/"/>
    <property name="user.timezone" value="Asia/Shanghai"/>
    <property name="java.vm.specification.version" value="1.8"/>
    <property name="os.name" value="Windows 10"/>
    <property name="user.country" value="CN"/>
    <property name="sun.java.launcher" value="SUN_STANDARD"/>
    <property name="sun.boot.library.path" value="D:\study\soft\jdk_8\jre\bin"/>
    <property name="sun.java.command" value="C:\Users\ADMINI~1\AppData\Local\Temp\surefire128038028506560702\surefirebooter4125743251186482971.jar C:\Users\Administrator\AppData\Local\Temp\surefire128038028506560702 2021-07-19T10-05-54_243-jvmRun1 surefire8764860103841152751tmp surefire_01863547928795964819tmp"/>
    <property name="surefire.test.class.path" value="D:\study\code\tanhua\tanhua_service\target\test-classes;D:\study\code\tanhua\tanhua_service\target\classes;D:\study\code\tanhua\tanhua_dubbo\tanhua_dubbo_interface\target\tanhua_dubbo_interface-1.0-SNAPSHOT.jar;D:\study\code\tanhua\tanhua_domain\target\tanhua_domain-1.0-SNAPSHOT.jar;D:\study\soft\maven\repository\org\springframework\boot\spring-boot-starter-data-mongodb\2.1.0.RELEASE\spring-boot-starter-data-mongodb-2.1.0.RELEASE.jar;D:\study\soft\maven\repository\org\mongodb\mongodb-driver\3.8.2\mongodb-driver-3.8.2.jar;D:\study\soft\maven\repository\org\mongodb\bson\3.8.2\bson-3.8.2.jar;D:\study\soft\maven\repository\org\mongodb\mongodb-driver-core\3.8.2\mongodb-driver-core-3.8.2.jar;D:\study\soft\maven\repository\org\springframework\data\spring-data-mongodb\2.1.2.RELEASE\spring-data-mongodb-2.1.2.RELEASE.jar;D:\study\soft\maven\repository\com\baomidou\mybatis-plus\3.1.1\mybatis-plus-3.1.1.jar;D:\study\soft\maven\repository\com\baomidou\mybatis-plus-extension\3.1.1\mybatis-plus-extension-3.1.1.jar;D:\study\soft\maven\repository\com\baomidou\mybatis-plus-core\3.1.1\mybatis-plus-core-3.1.1.jar;D:\study\soft\maven\repository\com\baomidou\mybatis-plus-annotation\3.1.1\mybatis-plus-annotation-3.1.1.jar;D:\study\soft\maven\repository\com\github\jsqlparser\jsqlparser\1.2\jsqlparser-1.2.jar;D:\study\soft\maven\repository\org\mybatis\mybatis\3.5.1\mybatis-3.5.1.jar;D:\study\soft\maven\repository\org\mybatis\mybatis-spring\2.0.1\mybatis-spring-2.0.1.jar;D:\study\code\tanhua\tanhua_commons\target\tanhua_commons-1.0-SNAPSHOT.jar;D:\study\soft\maven\repository\com\aliyun\aliyun-java-sdk-core\4.0.6\aliyun-java-sdk-core-4.0.6.jar;D:\study\soft\maven\repository\com\google\code\gson\gson\2.8.5\gson-2.8.5.jar;D:\study\soft\maven\repository\org\apache\httpcomponents\httpclient\4.5.6\httpclient-4.5.6.jar;D:\study\soft\maven\repository\org\apache\httpcomponents\httpcore\4.4.10\httpcore-4.4.10.jar;D:\study\soft\maven\repository\javax\xml\bind\jaxb-api\2.3.1\jaxb-api-2.3.1.jar;D:\study\soft\maven\repository\javax\activation\javax.activation-api\1.2.0\javax.activation-api-1.2.0.jar;D:\study\soft\maven\repository\com\sun\xml\bind\jaxb-core\2.1.14\jaxb-core-2.1.14.jar;D:\study\soft\maven\repository\com\sun\xml\bind\jaxb-impl\2.1\jaxb-impl-2.1.jar;D:\study\soft\maven\repository\javax\activation\activation\1.1.1\activation-1.1.1.jar;D:\study\soft\maven\repository\com\aliyun\aliyun-java-sdk-dysmsapi\1.1.0\aliyun-java-sdk-dysmsapi-1.1.0.jar;D:\study\soft\maven\repository\com\aliyun\oss\aliyun-sdk-oss\3.10.2\aliyun-sdk-oss-3.10.2.jar;D:\study\soft\maven\repository\org\jdom\jdom2\2.0.6\jdom2-2.0.6.jar;D:\study\soft\maven\repository\org\codehaus\jettison\jettison\1.1\jettison-1.1.jar;D:\study\soft\maven\repository\stax\stax-api\1.0.1\stax-api-1.0.1.jar;D:\study\soft\maven\repository\com\aliyun\aliyun-java-sdk-ram\3.0.0\aliyun-java-sdk-ram-3.0.0.jar;D:\study\soft\maven\repository\com\aliyun\aliyun-java-sdk-sts\3.0.0\aliyun-java-sdk-sts-3.0.0.jar;D:\study\soft\maven\repository\com\aliyun\aliyun-java-sdk-ecs\4.2.0\aliyun-java-sdk-ecs-4.2.0.jar;D:\study\soft\maven\repository\com\aliyun\aliyun-java-sdk-kms\2.7.0\aliyun-java-sdk-kms-2.7.0.jar;D:\study\soft\maven\repository\com\baidu\aip\java-sdk\4.8.0\java-sdk-4.8.0.jar;D:\study\soft\maven\repository\org\json\json\20160810\json-20160810.jar;D:\study\soft\maven\repository\org\springframework\boot\spring-boot-starter\2.1.0.RELEASE\spring-boot-starter-2.1.0.RELEASE.jar;D:\study\soft\maven\repository\org\springframework\boot\spring-boot\2.1.0.RELEASE\spring-boot-2.1.0.RELEASE.jar;D:\study\soft\maven\repository\org\springframework\boot\spring-boot-starter-logging\2.1.0.RELEASE\spring-boot-starter-logging-2.1.0.RELEASE.jar;D:\study\soft\maven\repository\ch\qos\logback\logback-classic\1.2.3\logback-classic-1.2.3.jar;D:\study\soft\maven\repository\ch\qos\logback\logback-core\1.2.3\logback-core-1.2.3.jar;D:\study\soft\maven\repository\org\apache\logging\log4j\log4j-to-slf4j\2.11.1\log4j-to-slf4j-2.11.1.jar;D:\study\soft\maven\repository\org\apache\logging\log4j\log4j-api\2.11.1\log4j-api-2.11.1.jar;D:\study\soft\maven\repository\org\slf4j\jul-to-slf4j\1.7.25\jul-to-slf4j-1.7.25.jar;D:\study\soft\maven\repository\javax\annotation\javax.annotation-api\1.3.2\javax.annotation-api-1.3.2.jar;D:\study\soft\maven\repository\org\yaml\snakeyaml\1.23\snakeyaml-1.23.jar;D:\study\soft\maven\repository\org\springframework\boot\spring-boot-starter-web\2.1.0.RELEASE\spring-boot-starter-web-2.1.0.RELEASE.jar;D:\study\soft\maven\repository\org\springframework\boot\spring-boot-starter-json\2.1.0.RELEASE\spring-boot-starter-json-2.1.0.RELEASE.jar;D:\study\soft\maven\repository\com\fasterxml\jackson\datatype\jackson-datatype-jdk8\2.9.9\jackson-datatype-jdk8-2.9.9.jar;D:\study\soft\maven\repository\com\fasterxml\jackson\datatype\jackson-datatype-jsr310\2.9.9\jackson-datatype-jsr310-2.9.9.jar;D:\study\soft\maven\repository\com\fasterxml\jackson\module\jackson-module-parameter-names\2.9.9\jackson-module-parameter-names-2.9.9.jar;D:\study\soft\maven\repository\org\springframework\boot\spring-boot-starter-tomcat\2.1.0.RELEASE\spring-boot-starter-tomcat-2.1.0.RELEASE.jar;D:\study\soft\maven\repository\org\apache\tomcat\embed\tomcat-embed-core\9.0.12\tomcat-embed-core-9.0.12.jar;D:\study\soft\maven\repository\org\apache\tomcat\embed\tomcat-embed-el\9.0.12\tomcat-embed-el-9.0.12.jar;D:\study\soft\maven\repository\org\apache\tomcat\embed\tomcat-embed-websocket\9.0.12\tomcat-embed-websocket-9.0.12.jar;D:\study\soft\maven\repository\org\hibernate\validator\hibernate-validator\6.0.13.Final\hibernate-validator-6.0.13.Final.jar;D:\study\soft\maven\repository\javax\validation\validation-api\2.0.1.Final\validation-api-2.0.1.Final.jar;D:\study\soft\maven\repository\org\jboss\logging\jboss-logging\3.3.2.Final\jboss-logging-3.3.2.Final.jar;D:\study\soft\maven\repository\com\fasterxml\classmate\1.4.0\classmate-1.4.0.jar;D:\study\soft\maven\repository\org\springframework\spring-web\5.1.2.RELEASE\spring-web-5.1.2.RELEASE.jar;D:\study\soft\maven\repository\org\springframework\spring-beans\5.1.2.RELEASE\spring-beans-5.1.2.RELEASE.jar;D:\study\soft\maven\repository\org\springframework\spring-webmvc\5.1.2.RELEASE\spring-webmvc-5.1.2.RELEASE.jar;D:\study\soft\maven\repository\org\springframework\spring-aop\5.1.2.RELEASE\spring-aop-5.1.2.RELEASE.jar;D:\study\soft\maven\repository\org\springframework\spring-expression\5.1.2.RELEASE\spring-expression-5.1.2.RELEASE.jar;D:\study\soft\maven\repository\org\springframework\boot\spring-boot-starter-data-redis\2.1.0.RELEASE\spring-boot-starter-data-redis-2.1.0.RELEASE.jar;D:\study\soft\maven\repository\org\springframework\data\spring-data-redis\2.1.2.RELEASE\spring-data-redis-2.1.2.RELEASE.jar;D:\study\soft\maven\repository\org\springframework\data\spring-data-keyvalue\2.1.2.RELEASE\spring-data-keyvalue-2.1.2.RELEASE.jar;D:\study\soft\maven\repository\org\springframework\data\spring-data-commons\2.1.2.RELEASE\spring-data-commons-2.1.2.RELEASE.jar;D:\study\soft\maven\repository\org\springframework\spring-tx\5.1.2.RELEASE\spring-tx-5.1.2.RELEASE.jar;D:\study\soft\maven\repository\org\springframework\spring-oxm\5.1.2.RELEASE\spring-oxm-5.1.2.RELEASE.jar;D:\study\soft\maven\repository\org\springframework\spring-context-support\5.1.2.RELEASE\spring-context-support-5.1.2.RELEASE.jar;D:\study\soft\maven\repository\io\lettuce\lettuce-core\5.1.2.RELEASE\lettuce-core-5.1.2.RELEASE.jar;D:\study\soft\maven\repository\io\projectreactor\reactor-core\3.2.2.RELEASE\reactor-core-3.2.2.RELEASE.jar;D:\study\soft\maven\repository\org\reactivestreams\reactive-streams\1.0.2\reactive-streams-1.0.2.jar;D:\study\soft\maven\repository\io\netty\netty-common\4.1.29.Final\netty-common-4.1.29.Final.jar;D:\study\soft\maven\repository\io\netty\netty-transport\4.1.29.Final\netty-transport-4.1.29.Final.jar;D:\study\soft\maven\repository\io\netty\netty-buffer\4.1.29.Final\netty-buffer-4.1.29.Final.jar;D:\study\soft\maven\repository\io\netty\netty-resolver\4.1.29.Final\netty-resolver-4.1.29.Final.jar;D:\study\soft\maven\repository\io\netty\netty-handler\4.1.29.Final\netty-handler-4.1.29.Final.jar;D:\study\soft\maven\repository\io\netty\netty-codec\4.1.29.Final\netty-codec-4.1.29.Final.jar;D:\study\soft\maven\repository\org\apache\commons\commons-lang3\3.7\commons-lang3-3.7.jar;D:\study\soft\maven\repository\com\fasterxml\jackson\core\jackson-databind\2.9.9\jackson-databind-2.9.9.jar;D:\study\soft\maven\repository\com\fasterxml\jackson\core\jackson-annotations\2.9.0\jackson-annotations-2.9.0.jar;D:\study\soft\maven\repository\com\fasterxml\jackson\core\jackson-core\2.9.9\jackson-core-2.9.9.jar;D:\study\soft\maven\repository\commons-codec\commons-codec\1.11\commons-codec-1.11.jar;D:\study\soft\maven\repository\joda-time\joda-time\2.5\joda-time-2.5.jar;D:\study\soft\maven\repository\io\jsonwebtoken\jjwt\0.9.1\jjwt-0.9.1.jar;D:\study\soft\maven\repository\org\apache\dubbo\dubbo-spring-boot-starter\2.7.5\dubbo-spring-boot-starter-2.7.5.jar;D:\study\soft\maven\repository\org\apache\dubbo\dubbo-spring-boot-autoconfigure\2.7.5\dubbo-spring-boot-autoconfigure-2.7.5.jar;D:\study\soft\maven\repository\org\apache\dubbo\dubbo-spring-boot-autoconfigure-compatible\2.7.5\dubbo-spring-boot-autoconfigure-compatible-2.7.5.jar;D:\study\soft\maven\repository\org\apache\dubbo\dubbo\2.7.5\dubbo-2.7.5.jar;D:\study\soft\maven\repository\com\alibaba\spring\spring-context-support\1.0.5\spring-context-support-1.0.5.jar;D:\study\soft\maven\repository\org\javassist\javassist\3.20.0-GA\javassist-3.20.0-GA.jar;D:\study\soft\maven\repository\io\netty\netty-all\4.1.29.Final\netty-all-4.1.29.Final.jar;D:\study\soft\maven\repository\org\apache\curator\curator-recipes\4.2.0\curator-recipes-4.2.0.jar;D:\study\soft\maven\repository\org\apache\curator\curator-framework\4.2.0\curator-framework-4.2.0.jar;D:\study\soft\maven\repository\org\apache\curator\curator-client\4.2.0\curator-client-4.2.0.jar;D:\study\soft\maven\repository\com\google\guava\guava\27.0.1-jre\guava-27.0.1-jre.jar;D:\study\soft\maven\repository\com\google\guava\failureaccess\1.0.1\failureaccess-1.0.1.jar;D:\study\soft\maven\repository\com\google\guava\listenablefuture\9999.0-empty-to-avoid-conflict-with-guava\listenablefuture-9999.0-empty-to-avoid-conflict-with-guava.jar;D:\study\soft\maven\repository\com\google\code\findbugs\jsr305\3.0.2\jsr305-3.0.2.jar;D:\study\soft\maven\repository\org\checkerframework\checker-qual\2.5.2\checker-qual-2.5.2.jar;D:\study\soft\maven\repository\com\google\errorprone\error_prone_annotations\2.2.0\error_prone_annotations-2.2.0.jar;D:\study\soft\maven\repository\com\google\j2objc\j2objc-annotations\1.1\j2objc-annotations-1.1.jar;D:\study\soft\maven\repository\org\codehaus\mojo\animal-sniffer-annotations\1.17\animal-sniffer-annotations-1.17.jar;D:\study\soft\maven\repository\org\apache\zookeeper\zookeeper\3.4.12\zookeeper-3.4.12.jar;D:\study\soft\maven\repository\org\slf4j\slf4j-api\1.7.25\slf4j-api-1.7.25.jar;D:\study\soft\maven\repository\org\slf4j\slf4j-log4j12\1.7.25\slf4j-log4j12-1.7.25.jar;D:\study\soft\maven\repository\log4j\log4j\1.2.17\log4j-1.2.17.jar;D:\study\soft\maven\repository\jline\jline\0.9.94\jline-0.9.94.jar;D:\study\soft\maven\repository\org\apache\yetus\audience-annotations\0.5.0\audience-annotations-0.5.0.jar;D:\study\soft\maven\repository\io\netty\netty\3.10.6.Final\netty-3.10.6.Final.jar;D:\study\soft\maven\repository\com\github\tobato\fastdfs-client\1.26.7\fastdfs-client-1.26.7.jar;D:\study\soft\maven\repository\org\slf4j\jcl-over-slf4j\1.7.25\jcl-over-slf4j-1.7.25.jar;D:\study\soft\maven\repository\commons-beanutils\commons-beanutils\1.9.3\commons-beanutils-1.9.3.jar;D:\study\soft\maven\repository\commons-collections\commons-collections\3.2.2\commons-collections-3.2.2.jar;D:\study\soft\maven\repository\commons-io\commons-io\2.4\commons-io-2.4.jar;D:\study\soft\maven\repository\org\apache\commons\commons-pool2\2.6.0\commons-pool2-2.6.0.jar;D:\study\soft\maven\repository\org\springframework\spring-core\5.1.2.RELEASE\spring-core-5.1.2.RELEASE.jar;D:\study\soft\maven\repository\org\springframework\spring-jcl\5.1.2.RELEASE\spring-jcl-5.1.2.RELEASE.jar;D:\study\soft\maven\repository\org\springframework\boot\spring-boot-autoconfigure\2.1.0.RELEASE\spring-boot-autoconfigure-2.1.0.RELEASE.jar;D:\study\soft\maven\repository\org\springframework\spring-context\5.1.2.RELEASE\spring-context-5.1.2.RELEASE.jar;D:\study\soft\maven\repository\net\coobird\thumbnailator\0.4.8\thumbnailator-0.4.8.jar;D:\study\soft\maven\repository\org\springframework\boot\spring-boot-starter-test\2.1.0.RELEASE\spring-boot-starter-test-2.1.0.RELEASE.jar;D:\study\soft\maven\repository\org\springframework\boot\spring-boot-test\2.1.0.RELEASE\spring-boot-test-2.1.0.RELEASE.jar;D:\study\soft\maven\repository\org\springframework\boot\spring-boot-test-autoconfigure\2.1.0.RELEASE\spring-boot-test-autoconfigure-2.1.0.RELEASE.jar;D:\study\soft\maven\repository\com\jayway\jsonpath\json-path\2.4.0\json-path-2.4.0.jar;D:\study\soft\maven\repository\net\minidev\json-smart\2.3\json-smart-2.3.jar;D:\study\soft\maven\repository\net\minidev\accessors-smart\1.2\accessors-smart-1.2.jar;D:\study\soft\maven\repository\org\ow2\asm\asm\5.0.4\asm-5.0.4.jar;D:\study\soft\maven\repository\org\assertj\assertj-core\3.11.1\assertj-core-3.11.1.jar;D:\study\soft\maven\repository\org\mockito\mockito-core\2.23.0\mockito-core-2.23.0.jar;D:\study\soft\maven\repository\net\bytebuddy\byte-buddy\1.9.3\byte-buddy-1.9.3.jar;D:\study\soft\maven\repository\net\bytebuddy\byte-buddy-agent\1.9.3\byte-buddy-agent-1.9.3.jar;D:\study\soft\maven\repository\org\objenesis\objenesis\2.6\objenesis-2.6.jar;D:\study\soft\maven\repository\org\hamcrest\hamcrest-core\1.3\hamcrest-core-1.3.jar;D:\study\soft\maven\repository\org\hamcrest\hamcrest-library\1.3\hamcrest-library-1.3.jar;D:\study\soft\maven\repository\org\skyscreamer\jsonassert\1.5.0\jsonassert-1.5.0.jar;D:\study\soft\maven\repository\com\vaadin\external\google\android-json\0.0.20131108.vaadin1\android-json-0.0.20131108.vaadin1.jar;D:\study\soft\maven\repository\org\springframework\spring-test\5.1.2.RELEASE\spring-test-5.1.2.RELEASE.jar;D:\study\soft\maven\repository\org\xmlunit\xmlunit-core\2.6.2\xmlunit-core-2.6.2.jar;D:\study\soft\maven\repository\junit\junit\4.12\junit-4.12.jar;D:\study\soft\maven\repository\org\projectlombok\lombok\1.18.4\lombok-1.18.4.jar;D:\study\soft\maven\repository\com\alibaba\fastjson\1.2.8\fastjson-1.2.8.jar;"/>
    <property name="sun.cpu.endian" value="little"/>
    <property name="user.home" value="C:\Users\Administrator"/>
    <property name="user.language" value="zh"/>
    <property name="java.specification.vendor" value="Oracle Corporation"/>
    <property name="java.home" value="D:\study\soft\jdk_8\jre"/>
    <property name="basedir" value="D:\study\code\tanhua\tanhua_service"/>
    <property name="file.separator" value="\"/>
    <property name="line.separator" value="&#10;"/>
    <property name="java.vm.specification.vendor" value="Oracle Corporation"/>
    <property name="java.specification.name" value="Java Platform API Specification"/>
    <property name="java.awt.graphicsenv" value="sun.awt.Win32GraphicsEnvironment"/>
    <property name="idea.version2020.1.3" value="true"/>
    <property name="surefire.real.class.path" value="C:\Users\ADMINI~1\AppData\Local\Temp\surefire128038028506560702\surefirebooter4125743251186482971.jar"/>
    <property name="sun.boot.class.path" value="D:\study\soft\jdk_8\jre\lib\resources.jar;D:\study\soft\jdk_8\jre\lib\rt.jar;D:\study\soft\jdk_8\jre\lib\sunrsasign.jar;D:\study\soft\jdk_8\jre\lib\jsse.jar;D:\study\soft\jdk_8\jre\lib\jce.jar;D:\study\soft\jdk_8\jre\lib\charsets.jar;D:\study\soft\jdk_8\jre\lib\jfr.jar;D:\study\soft\jdk_8\jre\classes"/>
    <property name="user.script" value=""/>
    <property name="sun.management.compiler" value="HotSpot 64-Bit Tiered Compilers"/>
    <property name="java.runtime.version" value="1.8.0_162-b12"/>
    <property name="user.name" value="Administrator"/>
    <property name="path.separator" value=";"/>
    <property name="os.version" value="10.0"/>
    <property name="java.endorsed.dirs" value="D:\study\soft\jdk_8\jre\lib\endorsed"/>
    <property name="java.runtime.name" value="Java(TM) SE Runtime Environment"/>
    <property name="file.encoding" value="GBK"/>
    <property name="java.vm.name" value="Java HotSpot(TM) 64-Bit Server VM"/>
    <property name="localRepository" value="D:\study\soft\maven\repository"/>
    <property name="java.vendor.url.bug" value="http://bugreport.sun.com/bugreport/"/>
    <property name="java.io.tmpdir" value="C:\Users\ADMINI~1\AppData\Local\Temp\"/>
    <property name="java.version" value="1.8.0_162"/>
    <property name="user.dir" value="D:\study\code\tanhua\tanhua_service"/>
    <property name="os.arch" value="amd64"/>
    <property name="java.vm.specification.name" value="Java Virtual Machine Specification"/>
    <property name="java.awt.printerjob" value="sun.awt.windows.WPrinterJob"/>
    <property name="sun.os.patch.level" value=""/>
    <property name="java.library.path" value="D:\study\soft\jdk_8\jre\bin;C:\Windows\Sun\Java\bin;C:\Windows\system32;C:\Windows;D:\VMware\bin\;D:\study\soft\maven\apache-maven-3.5.3\bin;D:\study\soft\jdk_8\bin;C:\Windows\system32;C:\Windows;C:\Windows\System32\Wbem;C:\Windows\System32\WindowsPowerShell\v1.0\;C:\Windows\System32\OpenSSH\;C:\Program Files\Microsoft SQL Server\130\Tools\Binn\;D:\study\soft\jdk_8\jre\bin;C:\Program Files (x86)\MySQL\MySQL Server 5.5\bin;D:\study\soft\VisualSVN-Server-3.4.2-x64.msi\bin;D:\study\soft\TortoiseSVN-1.9.2.26806-x64-svn-1.9.2.msi\bin;C:\Program Files\Git\cmd;C:\Program Files\TortoiseGit\bin;D:\study\soft\maven\apache-maven-3.5.3\bin;D:\cocos2d-x-4.0\templates;D:\cocos2d-x-4.0\tools\cocos2d-console\bin;\cocos2d-x-4.0\templates;D:\Python\Scripts\;D:\Python\;D:\study\soft\IDEA\IntelliJ IDEA 2020.1\bin;;;."/>
    <property name="java.vm.info" value="mixed mode"/>
    <property name="java.vendor" value="Oracle Corporation"/>
    <property name="java.vm.version" value="25.162-b12"/>
    <property name="java.ext.dirs" value="D:\study\soft\jdk_8\jre\lib\ext;C:\Windows\Sun\Java\lib\ext"/>
    <property name="sun.io.unicode.encoding" value="UnicodeLittle"/>
    <property name="maven.repo.local" value="D:\study\soft\maven\repository"/>
    <property name="java.class.version" value="52.0"/>
  </properties>
  <testcase name="demo1" classname="com.tanhua.server.test.DemoTest" time="0.007"/>
  <testcase name="demo2" classname="com.tanhua.server.test.DemoTest" time="0.072"/>
</testsuite>